{"C:\\Users\\polly\\OneDrive\\Área de Trabalho\\TECH-WIZARDS-DSM-4-new\\TECH-WIZARDS-DSM-4\\app\\jest-mocks\\expo-build-winter.js": {"path":"C:\\Users\\polly\\OneDrive\\Área de Trabalho\\TECH-WIZARDS-DSM-4-new\\TECH-WIZARDS-DSM-4\\app\\jest-mocks\\expo-build-winter.js","statementMap":{"0":{"start":{"line":4,"column":0},"end":{"line":4,"column":40}},"1":{"start":{"line":6,"column":0},"end":{"line":6,"column":20}}},"fnMap":{},"branchMap":{},"s":{"0":2,"1":2},"f":{},"b":{},"_coverageSchema":"1a1c01bbd47fc00a2c39e90264f33305004495a9","hash":"4371d828dd89056923a76daee57d636e98c4b711"}
,"C:\\Users\\polly\\OneDrive\\Área de Trabalho\\TECH-WIZARDS-DSM-4-new\\TECH-WIZARDS-DSM-4\\app\\jest-mocks\\expo-modules-core-web.js": {"path":"C:\\Users\\polly\\OneDrive\\Área de Trabalho\\TECH-WIZARDS-DSM-4-new\\TECH-WIZARDS-DSM-4\\app\\jest-mocks\\expo-modules-core-web.js","statementMap":{"0":{"start":{"line":2,"column":0},"end":{"line":2,"column":40}},"1":{"start":{"line":14,"column":0},"end":{"line":14,"column":44}},"2":{"start":{"line":15,"column":0},"end":{"line":15,"column":44}},"3":{"start":{"line":16,"column":0},"end":{"line":16,"column":44}},"4":{"start":{"line":18,"column":0},"end":{"line":18,"column":20}}},"fnMap":{"0":{"name":"(anonymous_0)","decl":{"start":{"line":5,"column":2},"end":{"line":5,"column":3}},"loc":{"start":{"line":5,"column":16},"end":{"line":5,"column":18}},"line":5},"1":{"name":"(anonymous_1)","decl":{"start":{"line":8,"column":2},"end":{"line":8,"column":3}},"loc":{"start":{"line":8,"column":16},"end":{"line":8,"column":18}},"line":8},"2":{"name":"(anonymous_2)","decl":{"start":{"line":11,"column":2},"end":{"line":11,"column":3}},"loc":{"start":{"line":11,"column":16},"end":{"line":11,"column":18}},"line":11}},"branchMap":{"0":{"loc":{"start":{"line":2,"column":18},"end":{"line":2,"column":39}},"type":"binary-expr","locations":[{"start":{"line":2,"column":18},"end":{"line":2,"column":33}},{"start":{"line":2,"column":37},"end":{"line":2,"column":39}}],"line":2}},"s":{"0":2,"1":2,"2":2,"3":2,"4":2},"f":{"0":0,"1":0,"2":0},"b":{"0":[2,2]},"_coverageSchema":"1a1c01bbd47fc00a2c39e90264f33305004495a9","hash":"efa3b986d5e40f4edca20161b8c467adda211e84"}
}
